[32minfo[39m: [90mPOST /api/auth/login[39m [32m200[39m [90m33ms[39m {"meta":{}}
[32minfo[39m: [90mPOST /api/auth/login[39m [32m200[39m [90m32ms[39m {"meta":{}}
[32minfo[39m: [90mPOST /api/auth/login[39m [31m500[39m [90m7ms[39m {"meta":{}}
[32minfo[39m: [90mPOST /api/auth/login[39m [31m500[39m [90m24ms[39m {"meta":{}}
[32minfo[39m: [90mPOST /api/auth/login[39m [31m500[39m [90m25ms[39m {"meta":{}}
[32minfo[39m: [90mPOST /api/auth/login[39m [31m500[39m [90m5ms[39m {"meta":{}}
[32minfo[39m: [90mPOST /api/auth/login[39m [31m500[39m [90m32ms[39m {"meta":{}}
[32minfo[39m: [90mPOST /api/auth/login[39m [31m500[39m [90m204ms[39m {"meta":{}}
[32minfo[39m: [90mPOST /api/auth/login[39m [32m200[39m [90m151ms[39m {"meta":{}}
[32minfo[39m: [90mGET /api/diagnostic/ping/192.168.234.254[39m [31m500[39m [90m2ms[39m {"meta":{}}
[32minfo[39m: [90mPOST /api/auth/login[39m [32m200[39m [90m41ms[39m {"meta":{}}
[32minfo[39m: [90mPOST /api/auth/login[39m [32m200[39m [90m13ms[39m {"meta":{}}
[32minfo[39m: [90mGET /api/diagnostic/traceroute/192.168.234.254[39m [31m500[39m [90m21ms[39m {"meta":{}}
[32minfo[39m: [90mGET /api/diagnostic/ping/192.168.234.254[39m [31m500[39m [90m44ms[39m {"meta":{}}
[32minfo[39m: [90mPOST /api/auth/login[39m [32m200[39m [90m40ms[39m {"meta":{}}
[32minfo[39m: [90mGET /api/diagnostic/ping/192.168.234.254[39m [31m500[39m [90m26ms[39m {"meta":{}}
[32minfo[39m: [90mPOST /api/auth/login[39m [32m200[39m [90m38ms[39m {"meta":{}}
[32minfo[39m: [90mGET /api/diagnostic/ping/192.168.234.254[39m [31m500[39m [90m28ms[39m {"meta":{}}
[32minfo[39m: [90mGET /api/diagnostic/traceroute/192.168.234.254[39m [31m500[39m [90m18ms[39m {"meta":{}}
[32minfo[39m: [90mPOST /api/auth/login[39m [32m200[39m [90m1029ms[39m {"meta":{}}
[32minfo[39m: [90mPOST /api/auth/tokenRefresh[39m [31m500[39m [90m6ms[39m {"meta":{}}
[32minfo[39m: [90mPOST /api/auth/tokenRefresh[39m [32m200[39m [90m5ms[39m {"meta":{}}
[32minfo[39m: [90mGET /docs[39m [36m301[39m [90m2ms[39m {"meta":{}}
[32minfo[39m: [90mGET /docs/[39m [36m304[39m [90m1ms[39m {"meta":{}}
[32minfo[39m: [90mGET /docs/swagger-ui-init.js[39m [36m304[39m [90m0ms[39m {"meta":{}}
[32minfo[39m: [90mGET /docs/swagger-ui-standalone-preset.js[39m [32m200[39m [90m7ms[39m {"meta":{}}
[32minfo[39m: [90mGET /docs/swagger-ui-bundle.js[39m [32m200[39m [90m53ms[39m {"meta":{}}
[32minfo[39m: [90mGET /docs/swagger-ui.css[39m [32m200[39m [90m274ms[39m {"meta":{}}
[32minfo[39m: [90mPOST /api/auth/signup[39m [31m500[39m [90m13ms[39m {"meta":{}}
[32minfo[39m: [90mOPTIONS /login[39m [33m404[39m [90m2ms[39m {"meta":{}}
[32minfo[39m: [90mPOST /api/auth/signup[39m [31m500[39m [90m259ms[39m {"meta":{}}
[32minfo[39m: [90mPOST /api/auth/signup[39m [32m200[39m [90m35ms[39m {"meta":{}}
[32minfo[39m: [90mPOST /api/auth/login[39m [31m500[39m [90m12ms[39m {"meta":{}}
[32minfo[39m: [90mPOST /api/auth/login[39m [32m200[39m [90m68ms[39m {"meta":{}}
[32minfo[39m: [90mOPTIONS /login[39m [33m404[39m [90m1ms[39m {"meta":{}}
[32minfo[39m: [90mOPTIONS /login[39m [33m404[39m [90m0ms[39m {"meta":{}}
[32minfo[39m: [90mOPTIONS /api/auth/login[39m [33m404[39m [90m1ms[39m {"meta":{}}
[32minfo[39m: [90mOPTIONS /api/auth/login[39m [33m404[39m [90m1ms[39m {"meta":{}}
[32minfo[39m: [90mOPTIONS /api/auth/login[39m [33m404[39m [90m1ms[39m {"meta":{}}
[32minfo[39m: [90mOPTIONS /api/auth/login[39m [33m404[39m [90m1ms[39m {"meta":{}}
[32minfo[39m: [90mOPTIONS /api/auth/login[39m [33m404[39m [90m1ms[39m {"meta":{}}
[32minfo[39m: [90mOPTIONS /api/auth/login[39m [33m404[39m [90m1ms[39m {"meta":{}}
[32minfo[39m: [90mOPTIONS /api/auth/login[39m [33m404[39m [90m8ms[39m {"meta":{}}
[32minfo[39m: [90mOPTIONS /api/auth/login[39m [33m404[39m [90m2ms[39m {"meta":{}}
[32minfo[39m: [90mOPTIONS /api/auth/login[39m [33m404[39m [90m1ms[39m {"meta":{}}
[32minfo[39m: [90mOPTIONS /api/auth/login[39m [33m404[39m [90m6ms[39m {"meta":{}}
[32minfo[39m: [90mOPTIONS /api/auth/login[39m [33m404[39m [90m2ms[39m {"meta":{}}
[32minfo[39m: [90mOPTIONS /api/auth/login[39m [33m404[39m [90m1ms[39m {"meta":{}}
[32minfo[39m: [90mPOST /api/auth/login[39m [32m200[39m [90m150ms[39m {"meta":{}}
[32minfo[39m: [90mOPTIONS /api/auth/login[39m [33m404[39m [90m1ms[39m {"meta":{}}
[32minfo[39m: [90mOPTIONS /api/auth/login[39m [33m404[39m [90m1ms[39m {"meta":{}}
[32minfo[39m: [90mOPTIONS /api/auth/login[39m [33m404[39m [90m7ms[39m {"meta":{}}
[32minfo[39m: [90mOPTIONS /api/auth/login[39m [33m404[39m [90m1ms[39m {"meta":{}}
[32minfo[39m: [90mOPTIONS /api/auth/login[39m [33m404[39m [90m1ms[39m {"meta":{}}
[32minfo[39m: [90mOPTIONS /api/auth/login[39m [33m404[39m [90m1ms[39m {"meta":{}}
[32minfo[39m: [90mOPTIONS /api/auth/login[39m [33m404[39m [90m1ms[39m {"meta":{}}
[32minfo[39m: [90mOPTIONS /api/auth/login[39m [33m404[39m [90m6ms[39m {"meta":{}}
[32minfo[39m: [90mOPTIONS /api/auth/login[39m [33m404[39m [90m1ms[39m {"meta":{}}
[32minfo[39m: [90mOPTIONS /api/auth/login[39m [33m404[39m [90m1ms[39m {"meta":{}}
[32minfo[39m: [90mOPTIONS /api/auth/login[39m [33m404[39m [90m1ms[39m {"meta":{}}
[32minfo[39m: [90mOPTIONS /api/auth/login[39m [33m404[39m [90m2ms[39m {"meta":{}}
[32minfo[39m: [90mOPTIONS /api/auth/login[39m [33m404[39m [90m1ms[39m {"meta":{}}
[32minfo[39m: [90mOPTIONS /api/auth/login[39m [33m404[39m [90m2ms[39m {"meta":{}}
[32minfo[39m: [90mOPTIONS /api/auth/login[39m [33m404[39m [90m0ms[39m {"meta":{}}
[32minfo[39m: [90mOPTIONS /api/auth/login[39m [33m404[39m [90m1ms[39m {"meta":{}}
[32minfo[39m: [90mOPTIONS /api/auth/login[39m [33m404[39m [90m1ms[39m {"meta":{}}
[32minfo[39m: [90mOPTIONS /api/auth/login[39m [33m404[39m [90m2ms[39m {"meta":{}}
[32minfo[39m: [90mOPTIONS /api/auth/login[39m [33m404[39m [90m5ms[39m {"meta":{}}
[32minfo[39m: [90mOPTIONS /api/auth/login[39m [33m404[39m [90m6ms[39m {"meta":{}}
[32minfo[39m: [90mOPTIONS /api/auth/login[39m [33m404[39m [90m11ms[39m {"meta":{}}
[32minfo[39m: [90mOPTIONS /api/auth/login[39m [33m404[39m [90m2ms[39m {"meta":{}}
[32minfo[39m: [90mOPTIONS /api/auth/login[39m [33m404[39m [90m1ms[39m {"meta":{}}
[32minfo[39m: [90mPOST /api/auth/login[39m [32m200[39m [90m78ms[39m {"meta":{}}
[32minfo[39m: [90mPOST /api/auth/login[39m [31m500[39m [90m84ms[39m {"meta":{}}
[32minfo[39m: [90mPOST /api/auth/login[39m [31m500[39m [90m153ms[39m {"meta":{}}
[32minfo[39m: [90mPOST /api/auth/login[39m [31m500[39m [90m154ms[39m {"meta":{}}
[32minfo[39m: [90mOPTIONS /api/auth/login[39m [33m404[39m [90m5ms[39m {"meta":{}}
[32minfo[39m: [90mPOST /api/auth/login[39m [31m500[39m [90m78ms[39m {"meta":{}}
[32minfo[39m: [90mPOST /api/auth/login[39m [32m200[39m [90m75ms[39m {"meta":{}}
[32minfo[39m: [90mPOST /api/auth/login[39m [32m200[39m [90m63ms[39m {"meta":{}}
[32minfo[39m: [90mPOST /api/auth/login[39m [31m500[39m [90m62ms[39m {"meta":{}}
[32minfo[39m: [90mOPTIONS /api/auth/login[39m [33m404[39m [90m7ms[39m {"meta":{}}
[32minfo[39m: [90mPOST /api/auth/login[39m [32m200[39m [90m110ms[39m {"meta":{}}
[32minfo[39m: [90mOPTIONS /api/auth/login[39m [33m404[39m [90m2ms[39m {"meta":{}}
[32minfo[39m: [90mOPTIONS /api/auth/login[39m [33m404[39m [90m1ms[39m {"meta":{}}
[32minfo[39m: [90mPOST /api/auth/login[39m [32m200[39m [90m100ms[39m {"meta":{}}
[32minfo[39m: [90mPOST /api/auth/login[39m [32m200[39m [90m72ms[39m {"meta":{}}
[32minfo[39m: [90mPOST /api/auth/login[39m [32m200[39m [90m64ms[39m {"meta":{}}
[32minfo[39m: [90mPOST /api/auth/login[39m [32m200[39m [90m63ms[39m {"meta":{}}
[32minfo[39m: [90mPOST /api/auth/login[39m [32m200[39m [90m64ms[39m {"meta":{}}
[32minfo[39m: [90mPOST /api/auth/login[39m [32m200[39m [90m64ms[39m {"meta":{}}
[32minfo[39m: [90mPOST /api/auth/login[39m [32m200[39m [90m64ms[39m {"meta":{}}
[32minfo[39m: [90mPOST /api/auth/login[39m [32m200[39m [90m65ms[39m {"meta":{}}
[32minfo[39m: [90mPOST /api/auth/login[39m [31m500[39m [90m68ms[39m {"meta":{}}
[32minfo[39m: [90mPOST /api/auth/login[39m [31m500[39m [90m63ms[39m {"meta":{}}
[32minfo[39m: [90mPOST /api/auth/login[39m [31m500[39m [90m63ms[39m {"meta":{}}
[32minfo[39m: [90mPOST /api/auth/login[39m [31m500[39m [90m61ms[39m {"meta":{}}
[32minfo[39m: [90mPOST /api/auth/login[39m [32m200[39m [90m64ms[39m {"meta":{}}
[32minfo[39m: [90mPOST /api/auth/login[39m [32m200[39m [90m61ms[39m {"meta":{}}
[32minfo[39m: [90mPOST /api/auth/login[39m [32m200[39m [90m66ms[39m {"meta":{}}
[32minfo[39m: [90mPOST /api/auth/login[39m [32m200[39m [90m66ms[39m {"meta":{}}
[32minfo[39m: [90mPOST /api/auth/login[39m [32m200[39m [90m64ms[39m {"meta":{}}
[32minfo[39m: [90mPOST /api/auth/login[39m [32m200[39m [90m64ms[39m {"meta":{}}
[32minfo[39m: [90mPOST /api/auth/login[39m [32m200[39m [90m62ms[39m {"meta":{}}
[32minfo[39m: [90mPOST /api/auth/login[39m [32m200[39m [90m66ms[39m {"meta":{}}
[32minfo[39m: [90mPOST /api/auth/login[39m [32m200[39m [90m62ms[39m {"meta":{}}
[32minfo[39m: [90mPOST /api/auth/login[39m [32m200[39m [90m61ms[39m {"meta":{}}
[32minfo[39m: [90mPOST /api/auth/login[39m [32m200[39m [90m63ms[39m {"meta":{}}
[32minfo[39m: [90mPOST /api/auth/login[39m [32m200[39m [90m61ms[39m {"meta":{}}
[32minfo[39m: [90mPOST /api/auth/login[39m [32m200[39m [90m62ms[39m {"meta":{}}
[32minfo[39m: [90mPOST /api/auth/login[39m [32m200[39m [90m61ms[39m {"meta":{}}
[32minfo[39m: [90mPOST /api/auth/login[39m [32m200[39m [90m62ms[39m {"meta":{}}
[32minfo[39m: [90mPOST /api/auth/login[39m [32m200[39m [90m62ms[39m {"meta":{}}
[32minfo[39m: [90mPOST /api/auth/login[39m [32m200[39m [90m63ms[39m {"meta":{}}
[32minfo[39m: [90mPOST /api/auth/login[39m [32m200[39m [90m62ms[39m {"meta":{}}
[32minfo[39m: [90mPOST /api/auth/login[39m [32m200[39m [90m63ms[39m {"meta":{}}
[32minfo[39m: [90mPOST /api/auth/login[39m [32m200[39m [90m62ms[39m {"meta":{}}
[32minfo[39m: [90mPOST /api/auth/login[39m [32m200[39m [90m61ms[39m {"meta":{}}
[32minfo[39m: [90mPOST /api/auth/login[39m [32m200[39m [90m61ms[39m {"meta":{}}
[32minfo[39m: [90mPOST /api/auth/login[39m [32m200[39m [90m62ms[39m {"meta":{}}
[32minfo[39m: [90mPOST /api/auth/login[39m [32m200[39m [90m62ms[39m {"meta":{}}
[32minfo[39m: [90mPOST /api/auth/login[39m [32m200[39m [90m61ms[39m {"meta":{}}
[32minfo[39m: [90mPOST /api/auth/login[39m [32m200[39m [90m61ms[39m {"meta":{}}
[32minfo[39m: [90mPOST /api/auth/login[39m [31m500[39m [90m60ms[39m {"meta":{}}
[32minfo[39m: [90mPOST /api/auth/login[39m [32m200[39m [90m61ms[39m {"meta":{}}
[32minfo[39m: [90mPOST /api/auth/login[39m [32m200[39m [90m61ms[39m {"meta":{}}
[32minfo[39m: [90mPOST /api/auth/login[39m [32m200[39m [90m62ms[39m {"meta":{}}
[32minfo[39m: [90mGET /group-modem/playlist[39m [33m404[39m [90m4ms[39m {"meta":{}}
[32minfo[39m: [90mGET /vpn/vpnServer[39m [33m404[39m [90m0ms[39m {"meta":{}}
[32minfo[39m: [90mGET /group-modem/playlist[39m [33m404[39m [90m0ms[39m {"meta":{}}
[32minfo[39m: [90mPOST /modem/group-modem/playlist[39m [33m404[39m [90m1ms[39m {"meta":{}}
[32minfo[39m: [90mGET /modem/user/playlist[39m [33m404[39m [90m1ms[39m {"meta":{}}
[32minfo[39m: [90mGET /group-modem/playlist[39m [33m404[39m [90m0ms[39m {"meta":{}}
[32minfo[39m: [90mPOST /modem/group-modem/playlist[39m [33m404[39m [90m1ms[39m {"meta":{}}
[32minfo[39m: [90mGET /modem/user/playlist[39m [33m404[39m [90m1ms[39m {"meta":{}}
[32minfo[39m: [90mGET /group-modem/playlist[39m [33m404[39m [90m0ms[39m {"meta":{}}
[32minfo[39m: [90mPOST /modem/group-modem/playlist[39m [33m404[39m [90m0ms[39m {"meta":{}}
[32minfo[39m: [90mGET /group-modem/playlist[39m [33m404[39m [90m1ms[39m {"meta":{}}
[32minfo[39m: [90mGET /vpn/vpnServer[39m [33m404[39m [90m0ms[39m {"meta":{}}
[32minfo[39m: [90mPOST /api/auth/login[39m [32m200[39m [90m652ms[39m {"meta":{}}
[32minfo[39m: [90mGET /group-modem/playlist[39m [33m404[39m [90m2ms[39m {"meta":{}}
[32minfo[39m: [90mGET /vpn/vpnServer[39m [33m404[39m [90m0ms[39m {"meta":{}}
[32minfo[39m: [90mPOST /api/auth/signup[39m [32m200[39m [90m49ms[39m {"meta":{}}
[32minfo[39m: [90mGET /group-modem/playlist[39m [33m404[39m [90m0ms[39m {"meta":{}}
[32minfo[39m: [90mPOST /modem/group-modem/playlist[39m [33m404[39m [90m0ms[39m {"meta":{}}
[32minfo[39m: [90mGET /group-modem/playlist[39m [33m404[39m [90m0ms[39m {"meta":{}}
[32minfo[39m: [90mGET /vpn/vpnServer[39m [33m404[39m [90m0ms[39m {"meta":{}}
[32minfo[39m: [90mGET /modem/user/playlist[39m [33m404[39m [90m0ms[39m {"meta":{}}
[32minfo[39m: [90mGET /group-modem/playlist[39m [33m404[39m [90m0ms[39m {"meta":{}}
[32minfo[39m: [90mPOST /modem/group-modem/playlist[39m [33m404[39m [90m0ms[39m {"meta":{}}
[32minfo[39m: [90mGET /modem/user/playlist[39m [33m404[39m [90m0ms[39m {"meta":{}}
[32minfo[39m: [90mGET /group-modem/playlist[39m [33m404[39m [90m1ms[39m {"meta":{}}
[32minfo[39m: [90mPOST /modem/group-modem/playlist[39m [33m404[39m [90m0ms[39m {"meta":{}}
[32minfo[39m: [90mGET /group-modem/playlist[39m [33m404[39m [90m1ms[39m {"meta":{}}
[32minfo[39m: [90mGET /vpn/vpnServer[39m [33m404[39m [90m1ms[39m {"meta":{}}
[32minfo[39m: [90mPOST /api/auth/login[39m [32m200[39m [90m6ms[39m {"meta":{}}
[32minfo[39m: [90mGET /group-modem/playlist[39m [33m404[39m [90m1ms[39m {"meta":{}}
[32minfo[39m: [90mGET /vpn/vpnServer[39m [33m404[39m [90m0ms[39m {"meta":{}}
[32minfo[39m: [90mGET /group-modem/playlist[39m [33m404[39m [90m0ms[39m {"meta":{}}
[32minfo[39m: [90mPOST /modem/group-modem/playlist[39m [33m404[39m [90m0ms[39m {"meta":{}}
[32minfo[39m: [90mGET /modem/user/playlist[39m [33m404[39m [90m0ms[39m {"meta":{}}
[32minfo[39m: [90mGET /group-modem/playlist[39m [33m404[39m [90m1ms[39m {"meta":{}}
[32minfo[39m: [90mGET /vpn/vpnServer[39m [33m404[39m [90m0ms[39m {"meta":{}}
[32minfo[39m: [90mPOST /api/auth/login[39m [32m200[39m [90m6ms[39m {"meta":{}}
[32minfo[39m: [90mGET /group-modem/playlist[39m [33m404[39m [90m1ms[39m {"meta":{}}
[32minfo[39m: [90mGET /vpn/vpnServer[39m [33m404[39m [90m0ms[39m {"meta":{}}
[32minfo[39m: [90mGET /group-modem/playlist[39m [33m404[39m [90m0ms[39m {"meta":{}}
[32minfo[39m: [90mGET /vpn/vpnServer[39m [33m404[39m [90m0ms[39m {"meta":{}}
[32minfo[39m: [90mGET /user-management/logout[39m [33m404[39m [90m0ms[39m {"meta":{}}
[32minfo[39m: [90mPOST /api/auth/login[39m [32m200[39m [90m6ms[39m {"meta":{}}
[32minfo[39m: [90mGET /group-modem/playlist[39m [33m404[39m [90m0ms[39m {"meta":{}}
[32minfo[39m: [90mGET /vpn/vpnServer[39m [33m404[39m [90m1ms[39m {"meta":{}}
[32minfo[39m: [90mPOST /api/auth/login[39m [32m200[39m [90m9ms[39m {"meta":{}}
[32minfo[39m: [90mGET /group-modem/playlist[39m [33m404[39m [90m0ms[39m {"meta":{}}
[32minfo[39m: [90mGET /vpn/vpnServer[39m [33m404[39m [90m0ms[39m {"meta":{}}
[32minfo[39m: [90mPOST /api/auth/login[39m [32m200[39m [90m6ms[39m {"meta":{}}
[32minfo[39m: [90mPOST /api/auth/login[39m [32m200[39m [90m299ms[39m {"meta":{}}
[32minfo[39m: [90mPOST /api/auth/login[39m [32m200[39m [90m21ms[39m {"meta":{}}
[32minfo[39m: [90mGET /group-modem/playlist[39m [33m404[39m [90m3ms[39m {"meta":{}}
[32minfo[39m: [90mGET /vpn/vpnServer[39m [33m404[39m [90m1ms[39m {"meta":{}}
[32minfo[39m: [90mPOST /api/auth/login[39m [31m500[39m [90m5ms[39m {"meta":{}}
[32minfo[39m: [90mPOST /api/auth/login[39m [31m500[39m [90m3ms[39m {"meta":{}}
[32minfo[39m: [90mPOST /api/auth/login[39m [31m500[39m [90m3ms[39m {"meta":{}}
[32minfo[39m: [90mPOST /api/auth/login[39m [31m500[39m [90m5ms[39m {"meta":{}}
[32minfo[39m: [90mPOST /api/auth/login[39m [32m200[39m [90m7ms[39m {"meta":{}}
[32minfo[39m: [90mGET /group-modem/playlist[39m [33m404[39m [90m1ms[39m {"meta":{}}
[32minfo[39m: [90mGET /vpn/vpnServer[39m [33m404[39m [90m0ms[39m {"meta":{}}
[32minfo[39m: [90mPOST /api/auth/login[39m [32m200[39m [90m6ms[39m {"meta":{}}
[32minfo[39m: [90mGET /group-modem/playlist[39m [33m404[39m [90m0ms[39m {"meta":{}}
[32minfo[39m: [90mGET /vpn/vpnServer[39m [33m404[39m [90m0ms[39m {"meta":{}}
[32minfo[39m: [90mGET /group-modem/playlist[39m [33m404[39m [90m1ms[39m {"meta":{}}
[32minfo[39m: [90mPOST /api/auth/login[39m [32m200[39m [90m6ms[39m {"meta":{}}
[32minfo[39m: [90mGET /group-modem/playlist[39m [33m404[39m [90m1ms[39m {"meta":{}}
[32minfo[39m: [90mGET /vpn/vpnServer[39m [33m404[39m [90m0ms[39m {"meta":{}}
[32minfo[39m: [90mGET /group-modem/playlist[39m [33m404[39m [90m1ms[39m {"meta":{}}
[32minfo[39m: [90mGET /group-modem/playlist[39m [33m404[39m [90m0ms[39m {"meta":{}}
[32minfo[39m: [90mGET /vpn/vpnServer[39m [33m404[39m [90m1ms[39m {"meta":{}}
[32minfo[39m: [90mGET /group-modem/playlist[39m [33m404[39m [90m0ms[39m {"meta":{}}
[32minfo[39m: [90mPOST /modem/group-modem/playlist[39m [33m404[39m [90m1ms[39m {"meta":{}}
[32minfo[39m: [90mPOST /api/auth/login[39m [31m500[39m [90m4ms[39m {"meta":{}}
[32minfo[39m: [90mPOST /api/auth/signup[39m [32m200[39m [90m260ms[39m {"meta":{}}
[32minfo[39m: [90mGET /group-modem/playlist[39m [33m404[39m [90m0ms[39m {"meta":{}}
[32minfo[39m: [90mPOST /modem/group-modem/playlist[39m [33m404[39m [90m0ms[39m {"meta":{}}
[32minfo[39m: [90mGET /group-modem/playlist[39m [33m404[39m [90m1ms[39m {"meta":{}}
[32minfo[39m: [90mGET /vpn/vpnServer[39m [33m404[39m [90m0ms[39m {"meta":{}}
[32minfo[39m: [90mPOST /api/auth/login[39m [32m200[39m [90m9ms[39m {"meta":{}}
[32minfo[39m: [90mGET /group-modem/playlist[39m [33m404[39m [90m0ms[39m {"meta":{}}
[32minfo[39m: [90mGET /vpn/vpnServer[39m [33m404[39m [90m0ms[39m {"meta":{}}
[32minfo[39m: [90mGET /group-modem/playlist[39m [33m404[39m [90m0ms[39m {"meta":{}}
[32minfo[39m: [90mGET /user-management/users[39m [33m404[39m [90m1ms[39m {"meta":{}}
[32minfo[39m: [90mGET /group-modem/playlist[39m [33m404[39m [90m0ms[39m {"meta":{}}
[32minfo[39m: [90mPOST /modem/group-modem/playlist[39m [33m404[39m [90m1ms[39m {"meta":{}}
[32minfo[39m: [90mGET /user-management/users[39m [33m404[39m [90m0ms[39m {"meta":{}}
[32minfo[39m: [90mGET /group-modem/playlist[39m [33m404[39m [90m1ms[39m {"meta":{}}
[32minfo[39m: [90mGET /group-modem/playlist[39m [33m404[39m [90m0ms[39m {"meta":{}}
[32minfo[39m: [90mGET /vpn/vpnServer[39m [33m404[39m [90m0ms[39m {"meta":{}}
[32minfo[39m: [90mGET /user-management/users[39m [33m404[39m [90m0ms[39m {"meta":{}}
[32minfo[39m: [90mGET /group-modem/playlist[39m [33m404[39m [90m1ms[39m {"meta":{}}
[32minfo[39m: [90mGET /group-modem/playlist[39m [33m404[39m [90m0ms[39m {"meta":{}}
[32minfo[39m: [90mPOST /modem/group-modem/playlist[39m [33m404[39m [90m0ms[39m {"meta":{}}
[32minfo[39m: [90mGET /modem/user/playlist[39m [33m404[39m [90m0ms[39m {"meta":{}}
[32minfo[39m: [90mGET /group-modem/playlist[39m [33m404[39m [90m0ms[39m {"meta":{}}
[32minfo[39m: [90mPOST /modem/group-modem/playlist[39m [33m404[39m [90m0ms[39m {"meta":{}}
[32minfo[39m: [90mGET /group-modem/playlist[39m [33m404[39m [90m0ms[39m {"meta":{}}
[32minfo[39m: [90mGET /user-management/users[39m [33m404[39m [90m0ms[39m {"meta":{}}
[32minfo[39m: [90mGET /group-modem/playlist[39m [33m404[39m [90m0ms[39m {"meta":{}}
[32minfo[39m: [90mPOST /modem/group-modem/playlist[39m [33m404[39m [90m0ms[39m {"meta":{}}
[32minfo[39m: [90mPOST /api/auth/login[39m [32m200[39m [90m6ms[39m {"meta":{}}
[32minfo[39m: [90mGET /group-modem/playlist[39m [33m404[39m [90m0ms[39m {"meta":{}}
[32minfo[39m: [90mGET /vpn/vpnServer[39m [33m404[39m [90m1ms[39m {"meta":{}}
[32minfo[39m: [90mGET /group-modem/playlist[39m [33m404[39m [90m0ms[39m {"meta":{}}
[32minfo[39m: [90mGET /group-modem/playlist[39m [33m404[39m [90m0ms[39m {"meta":{}}
[32minfo[39m: [90mPOST /modem/group-modem/playlist[39m [33m404[39m [90m0ms[39m {"meta":{}}
[32minfo[39m: [90mPOST /api/auth/login[39m [32m200[39m [90m5ms[39m {"meta":{}}
[32minfo[39m: [90mGET /group-modem/playlist[39m [33m404[39m [90m0ms[39m {"meta":{}}
[32minfo[39m: [90mGET /vpn/vpnServer[39m [33m404[39m [90m0ms[39m {"meta":{}}
[32minfo[39m: [90mGET /group-modem/playlist[39m [33m404[39m [90m0ms[39m {"meta":{}}
[32minfo[39m: [90mGET /group-modem/playlist[39m [33m404[39m [90m1ms[39m {"meta":{}}
[32minfo[39m: [90mPOST /modem/group-modem/playlist[39m [33m404[39m [90m0ms[39m {"meta":{}}
[32minfo[39m: [90mPOST /api/auth/login[39m [31m500[39m [90m7ms[39m {"meta":{}}
[32minfo[39m: [90mPOST /api/auth/login[39m [32m200[39m [90m9ms[39m {"meta":{}}
[32minfo[39m: [90mGET /group-modem/playlist[39m [33m404[39m [90m1ms[39m {"meta":{}}
[32minfo[39m: [90mGET /vpn/vpnServer[39m [33m404[39m [90m0ms[39m {"meta":{}}
[32minfo[39m: [90mGET /group-modem/playlist[39m [33m404[39m [90m0ms[39m {"meta":{}}
[32minfo[39m: [90mPOST /modem/group-modem/playlist[39m [33m404[39m [90m0ms[39m {"meta":{}}
[32minfo[39m: [90mPOST /api/auth/login[39m [32m200[39m [90m6ms[39m {"meta":{}}
[32minfo[39m: [90mGET /group-modem/playlist[39m [33m404[39m [90m0ms[39m {"meta":{}}
[32minfo[39m: [90mGET /vpn/vpnServer[39m [33m404[39m [90m0ms[39m {"meta":{}}
[32minfo[39m: [90mGET /group-modem/playlist[39m [33m404[39m [90m0ms[39m {"meta":{}}
[32minfo[39m: [90mPOST /modem/group-modem/playlist[39m [33m404[39m [90m1ms[39m {"meta":{}}
[32minfo[39m: [90mPOST /api/auth/login[39m [32m200[39m [90m9ms[39m {"meta":{}}
[32minfo[39m: [90mGET /group-modem/playlist[39m [33m404[39m [90m0ms[39m {"meta":{}}
[32minfo[39m: [90mGET /vpn/vpnServer[39m [33m404[39m [90m1ms[39m {"meta":{}}
[32minfo[39m: [90mGET /group-modem/playlist[39m [33m404[39m [90m0ms[39m {"meta":{}}
[32minfo[39m: [90mPOST /modem/group-modem/playlist[39m [33m404[39m [90m0ms[39m {"meta":{}}
[32minfo[39m: [90mPOST /api/auth/login[39m [32m200[39m [90m5ms[39m {"meta":{}}
[32minfo[39m: [90mGET /group-modem/playlist[39m [33m404[39m [90m1ms[39m {"meta":{}}
[32minfo[39m: [90mGET /vpn/vpnServer[39m [33m404[39m [90m0ms[39m {"meta":{}}
[32minfo[39m: [90mGET /group-modem/playlist[39m [33m404[39m [90m0ms[39m {"meta":{}}
[32minfo[39m: [90mPOST /modem/group-modem/playlist[39m [33m404[39m [90m0ms[39m {"meta":{}}
[32minfo[39m: [90mGET /group-modem/playlist[39m [33m404[39m [90m0ms[39m {"meta":{}}
[32minfo[39m: [90mGET /group-modem/playlist[39m [33m404[39m [90m0ms[39m {"meta":{}}
[32minfo[39m: [90mGET /vpn/vpnServer[39m [33m404[39m [90m0ms[39m {"meta":{}}
[32minfo[39m: [90mGET /modem/user/playlist[39m [33m404[39m [90m0ms[39m {"meta":{}}
[32minfo[39m: [90mGET /group-modem/playlist[39m [33m404[39m [90m0ms[39m {"meta":{}}
[32minfo[39m: [90mPOST /modem/group-modem/playlist[39m [33m404[39m [90m0ms[39m {"meta":{}}
[32minfo[39m: [90mGET /group-modem/playlist[39m [33m404[39m [90m35ms[39m {"meta":{}}
[32minfo[39m: [90mPOST /api/auth/login[39m [32m200[39m [90m641ms[39m {"meta":{}}
[32minfo[39m: [90mGET /group-modem/playlist[39m [33m404[39m [90m1ms[39m {"meta":{}}
[32minfo[39m: [90mGET /vpn/vpnServer[39m [33m404[39m [90m0ms[39m {"meta":{}}
[32minfo[39m: [90mGET /group-modem/playlist[39m [33m404[39m [90m27ms[39m {"meta":{}}
[32minfo[39m: [90mGET /group-modem/playlist[39m [33m404[39m [90m0ms[39m {"meta":{}}
[32minfo[39m: [90mGET /group-modem/playlist[39m [33m404[39m [90m1ms[39m {"meta":{}}
[32minfo[39m: [90mGET /vpn/vpnServer[39m [33m404[39m [90m32ms[39m {"meta":{}}
[32minfo[39m: [90mGET /group-modem/playlist[39m [33m404[39m [90m31ms[39m {"meta":{}}
[32minfo[39m: [90mPOST /modem/group-modem/playlist[39m [33m404[39m [90m0ms[39m {"meta":{}}
[32minfo[39m: [90mGET /group-modem/playlist[39m [33m404[39m [90m0ms[39m {"meta":{}}
[32minfo[39m: [90mPOST /modem/group-modem/playlist[39m [33m404[39m [90m0ms[39m {"meta":{}}
[32minfo[39m: [90mGET /modem/user/playlist[39m [33m404[39m [90m1ms[39m {"meta":{}}
[32minfo[39m: [90mGET /modem/user/playlist[39m [33m404[39m [90m236ms[39m {"meta":{}}
[32minfo[39m: [90mGET /modem/user/playlist[39m [33m404[39m [90m0ms[39m {"meta":{}}
[32minfo[39m: [90mGET /group-modem/playlist[39m [33m404[39m [90m0ms[39m {"meta":{}}
[32minfo[39m: [90mGET /vpn/vpnServer[39m [33m404[39m [90m1ms[39m {"meta":{}}
[32minfo[39m: [90mGET /group-modem/playlist[39m [33m404[39m [90m1ms[39m {"meta":{}}
[32minfo[39m: [90mGET /vpn/vpnServer[39m [33m404[39m [90m1ms[39m {"meta":{}}
[32minfo[39m: [90mPOST /api/auth/login[39m [32m200[39m [90m372ms[39m {"meta":{}}
[32minfo[39m: [90mGET /group-modem/playlist[39m [33m404[39m [90m1ms[39m {"meta":{}}
[32minfo[39m: [90mGET /vpn/vpnServer[39m [33m404[39m [90m0ms[39m {"meta":{}}
[32minfo[39m: [90mGET /modem/user/playlist[39m [33m404[39m [90m1ms[39m {"meta":{}}
[32minfo[39m: [90mPOST /api/auth/login[39m [32m200[39m [90m24ms[39m {"meta":{}}
[32minfo[39m: [90mGET /group-modem/playlist[39m [33m404[39m [90m1ms[39m {"meta":{}}
[32minfo[39m: [90mGET /vpn/vpnServer[39m [33m404[39m [90m0ms[39m {"meta":{}}
[32minfo[39m: [90mGET /modem/user/playlist[39m [33m404[39m [90m0ms[39m {"meta":{}}
[32minfo[39m: [90mGET /group-modem/playlist[39m [33m404[39m [90m0ms[39m {"meta":{}}
[32minfo[39m: [90mPOST /modem/group-modem/playlist[39m [33m404[39m [90m0ms[39m {"meta":{}}
[32minfo[39m: [90mGET /modem/user/playlist[39m [33m404[39m [90m6ms[39m {"meta":{}}
[32minfo[39m: [90mPOST /api/auth/login[39m [32m200[39m [90m5ms[39m {"meta":{}}
[32minfo[39m: [90mGET /group-modem/playlist[39m [33m404[39m [90m1ms[39m {"meta":{}}
[32minfo[39m: [90mGET /vpn/vpnServer[39m [33m404[39m [90m0ms[39m {"meta":{}}
[32minfo[39m: [90mGET /modem/user/playlist[39m [33m404[39m [90m0ms[39m {"meta":{}}
[32minfo[39m: [90mGET /group-modem/playlist[39m [33m404[39m [90m0ms[39m {"meta":{}}
[32minfo[39m: [90mPOST /api/auth/login[39m [32m200[39m [90m110ms[39m {"meta":{}}
[32minfo[39m: [90mGET /group-modem/playlist[39m [33m404[39m [90m1ms[39m {"meta":{}}
[32minfo[39m: [90mGET /vpn/vpnServer[39m [33m404[39m [90m0ms[39m {"meta":{}}
[32minfo[39m: [90mGET /modem/user/playlist[39m [33m404[39m [90m0ms[39m {"meta":{}}
[32minfo[39m: [90mPOST /api/auth/login[39m [32m200[39m [90m5ms[39m {"meta":{}}
[32minfo[39m: [90mGET /modem/user/playlist[39m [33m404[39m [90m8ms[39m {"meta":{}}
[32minfo[39m: [90mGET /group-modem/playlist[39m [33m404[39m [90m0ms[39m {"meta":{}}
[32minfo[39m: [90mGET /vpn/vpnServer[39m [33m404[39m [90m0ms[39m {"meta":{}}
[32minfo[39m: [90mPOST /api/auth/login[39m [32m200[39m [90m5ms[39m {"meta":{}}
[32minfo[39m: [90mGET /group-modem/playlist[39m [33m404[39m [90m0ms[39m {"meta":{}}
[32minfo[39m: [90mGET /vpn/vpnServer[39m [33m404[39m [90m1ms[39m {"meta":{}}
[32minfo[39m: [90mPOST /api/auth/login[39m [32m200[39m [90m5ms[39m {"meta":{}}
[32minfo[39m: [90mGET /group-modem/playlist[39m [33m404[39m [90m1ms[39m {"meta":{}}
[32minfo[39m: [90mGET /vpn/vpnServer[39m [33m404[39m [90m0ms[39m {"meta":{}}
[32minfo[39m: [90mGET /modem/user/playlist[39m [33m404[39m [90m0ms[39m {"meta":{}}
[32minfo[39m: [90mPOST /api/auth/login[39m [32m200[39m [90m122ms[39m {"meta":{}}
[32minfo[39m: [90mGET /group-modem/playlist[39m [33m404[39m [90m107ms[39m {"meta":{}}
[32minfo[39m: [90mGET /vpn/vpnServer[39m [33m404[39m [90m1ms[39m {"meta":{}}
[32minfo[39m: [90mPOST /api/auth/login[39m [32m200[39m [90m209ms[39m {"meta":{}}
[32minfo[39m: [90mGET /group-modem/playlist[39m [33m404[39m [90m0ms[39m {"meta":{}}
[32minfo[39m: [90mGET /vpn/vpnServer[39m [33m404[39m [90m1ms[39m {"meta":{}}
[32minfo[39m: [90mPOST /api/auth/login[39m [31m500[39m [90m173ms[39m {"meta":{}}
[32minfo[39m: [90mPOST /api/auth/login[39m [32m200[39m [90m4ms[39m {"meta":{}}
[32minfo[39m: [90mGET /group-modem/playlist[39m [33m404[39m [90m1ms[39m {"meta":{}}
[32minfo[39m: [90mGET /vpn/vpnServer[39m [33m404[39m [90m0ms[39m {"meta":{}}
[32minfo[39m: [90mPOST /api/auth/login[39m [32m200[39m [90m6ms[39m {"meta":{}}
[32minfo[39m: [90mGET /group-modem/playlist[39m [33m404[39m [90m1ms[39m {"meta":{}}
[32minfo[39m: [90mGET /vpn/vpnServer[39m [33m404[39m [90m0ms[39m {"meta":{}}
[32minfo[39m: [90mGET /group-modem/playlist[39m [33m404[39m [90m1ms[39m {"meta":{}}
[32minfo[39m: [90mPOST /modem/group-modem/playlist[39m [33m404[39m [90m0ms[39m {"meta":{}}
[32minfo[39m: [90mGET /group-modem/playlist[39m [33m404[39m [90m0ms[39m {"meta":{}}
[32minfo[39m: [90mGET /group-modem/playlist[39m [33m404[39m [90m0ms[39m {"meta":{}}
[32minfo[39m: [90mGET /vpn/vpnServer[39m [33m404[39m [90m0ms[39m {"meta":{}}
[32minfo[39m: [90mPOST /api/auth/login[39m [32m200[39m [90m5ms[39m {"meta":{}}
[32minfo[39m: [90mGET /group-modem/playlist[39m [33m404[39m [90m0ms[39m {"meta":{}}
[32minfo[39m: [90mGET /vpn/vpnServer[39m [33m404[39m [90m0ms[39m {"meta":{}}
[32minfo[39m: [90mGET /group-modem/playlist[39m [33m404[39m [90m1ms[39m {"meta":{}}
[32minfo[39m: [90mGET /group-modem/playlist[39m [33m404[39m [90m0ms[39m {"meta":{}}
[32minfo[39m: [90mGET /vpn/vpnServer[39m [33m404[39m [90m0ms[39m {"meta":{}}
[32minfo[39m: [90mPOST /api/auth/login[39m [32m200[39m [90m93ms[39m {"meta":{}}
[32minfo[39m: [90mGET /group-modem/playlist[39m [33m404[39m [90m0ms[39m {"meta":{}}
[32minfo[39m: [90mGET /vpn/vpnServer[39m [33m404[39m [90m0ms[39m {"meta":{}}
[32minfo[39m: [90mPOST /api/auth/login[39m [32m200[39m [90m5ms[39m {"meta":{}}
[32minfo[39m: [90mGET /group-modem/playlist[39m [33m404[39m [90m0ms[39m {"meta":{}}
[32minfo[39m: [90mGET /vpn/vpnServer[39m [33m404[39m [90m0ms[39m {"meta":{}}
[32minfo[39m: [90mPOST /api/auth/login[39m [31m500[39m [90m185ms[39m {"meta":{}}
[32minfo[39m: [90mPOST /api/auth/login[39m [31m500[39m [90m43ms[39m {"meta":{}}
[32minfo[39m: [90mPOST /api/auth/login[39m [31m500[39m [90m3ms[39m {"meta":{}}
[32minfo[39m: [90mPOST /api/auth/login[39m [31m500[39m [90m4ms[39m {"meta":{}}
[32minfo[39m: [90mPOST /api/auth/login[39m [31m500[39m [90m4ms[39m {"meta":{}}
[32minfo[39m: [90mPOST /api/auth/login[39m [32m200[39m [90m26ms[39m {"meta":{}}
[32minfo[39m: [90mPOST /api/auth/login[39m [32m200[39m [90m9ms[39m {"meta":{}}
[32minfo[39m: [90mPOST /api/auth/signup[39m [32m200[39m [90m26ms[39m {"meta":{}}
[32minfo[39m: [90mPOST /api/auth/login[39m [32m200[39m [90m10ms[39m {"meta":{}}
[32minfo[39m: [90mPOST /api/auth/login[39m [32m200[39m [90m8ms[39m {"meta":{}}
[32minfo[39m: [90mPOST /api/auth/login[39m [32m200[39m [90m10ms[39m {"meta":{}}
[32minfo[39m: [90mPOST /api/auth/login[39m [32m200[39m [90m9ms[39m {"meta":{}}
[32minfo[39m: [90mPOST /api/auth/login[39m [32m200[39m [90m8ms[39m {"meta":{}}
[32minfo[39m: [90mPOST /api/auth/login[39m [32m200[39m [90m9ms[39m {"meta":{}}
[32minfo[39m: [90mPOST /api/auth/login[39m [31m500[39m [90m2ms[39m {"meta":{}}
[32minfo[39m: [90mPOST /api/auth/login[39m [32m200[39m [90m10ms[39m {"meta":{}}
[32minfo[39m: [90mPOST /api/auth/login[39m [32m200[39m [90m8ms[39m {"meta":{}}
[32minfo[39m: [90mPOST /api/auth/login[39m [32m200[39m [90m8ms[39m {"meta":{}}
[32minfo[39m: [90mGET /group-modem/playlist[39m [33m404[39m [90m2ms[39m {"meta":{}}
[32minfo[39m: [90mGET /vpn/vpnServer[39m [33m404[39m [90m0ms[39m {"meta":{}}
[32minfo[39m: [90mPOST /api/auth/login[39m [32m200[39m [90m8ms[39m {"meta":{}}
[32minfo[39m: [90mGET /group-modem/playlist[39m [33m404[39m [90m1ms[39m {"meta":{}}
[32minfo[39m: [90mGET /vpn/vpnServer[39m [33m404[39m [90m1ms[39m {"meta":{}}
[32minfo[39m: [90mPOST /api/auth/login[39m [32m200[39m [90m8ms[39m {"meta":{}}
[32minfo[39m: [90mGET /group-modem/playlist[39m [33m404[39m [90m1ms[39m {"meta":{}}
[32minfo[39m: [90mGET /vpn/vpnServer[39m [33m404[39m [90m0ms[39m {"meta":{}}
[32minfo[39m: [90mPOST /api/auth/login[39m [32m200[39m [90m9ms[39m {"meta":{}}
[32minfo[39m: [90mGET /group-modem/playlist[39m [33m404[39m [90m1ms[39m {"meta":{}}
[32minfo[39m: [90mGET /vpn/vpnServer[39m [33m404[39m [90m0ms[39m {"meta":{}}
[32minfo[39m: [90mPOST /api/auth/login[39m [32m200[39m [90m8ms[39m {"meta":{}}
[32minfo[39m: [90mGET /group-modem/playlist[39m [33m404[39m [90m1ms[39m {"meta":{}}
[32minfo[39m: [90mGET /vpn/vpnServer[39m [33m404[39m [90m0ms[39m {"meta":{}}
[32minfo[39m: [90mPOST /api/auth/login[39m [32m200[39m [90m8ms[39m {"meta":{}}
[32minfo[39m: [90mGET /group-modem/playlist[39m [33m404[39m [90m0ms[39m {"meta":{}}
[32minfo[39m: [90mGET /vpn/vpnServer[39m [33m404[39m [90m1ms[39m {"meta":{}}
[32minfo[39m: [90mGET /group-modem/playlist[39m [33m404[39m [90m1ms[39m {"meta":{}}
[32minfo[39m: [90mGET /vpn/vpnServer[39m [33m404[39m [90m0ms[39m {"meta":{}}
[32minfo[39m: [90mPOST /api/auth/login[39m [32m200[39m [90m8ms[39m {"meta":{}}
[32minfo[39m: [90mGET /group-modem/playlist[39m [33m404[39m [90m0ms[39m {"meta":{}}
[32minfo[39m: [90mGET /vpn/vpnServer[39m [33m404[39m [90m1ms[39m {"meta":{}}
[32minfo[39m: [90mGET /group-modem/playlist[39m [33m404[39m [90m1ms[39m {"meta":{}}
[32minfo[39m: [90mGET /vpn/vpnServer[39m [33m404[39m [90m0ms[39m {"meta":{}}
[32minfo[39m: [90mGET /group-modem/playlist[39m [33m404[39m [90m0ms[39m {"meta":{}}
[32minfo[39m: [90mGET /vpn/vpnServer[39m [33m404[39m [90m0ms[39m {"meta":{}}
[32minfo[39m: [90mGET /modem/user/playlist[39m [33m404[39m [90m0ms[39m {"meta":{}}
[32minfo[39m: [90mGET /group-modem/playlist[39m [33m404[39m [90m0ms[39m {"meta":{}}
[32minfo[39m: [90mPOST /modem/group-modem/playlist[39m [33m404[39m [90m0ms[39m {"meta":{}}
[32minfo[39m: [90mGET /group-modem/playlist[39m [33m404[39m [90m0ms[39m {"meta":{}}
[32minfo[39m: [90mPOST /modem/group-modem/playlist[39m [33m404[39m [90m1ms[39m {"meta":{}}
[32minfo[39m: [90mGET /group-modem/playlist[39m [33m404[39m [90m0ms[39m {"meta":{}}
[32minfo[39m: [90mPOST /modem/group-modem/playlist[39m [33m404[39m [90m1ms[39m {"meta":{}}
[32minfo[39m: [90mGET /group-modem/playlist[39m [33m404[39m [90m0ms[39m {"meta":{}}
[32minfo[39m: [90mPOST /modem/group-modem/playlist[39m [33m404[39m [90m0ms[39m {"meta":{}}
[32minfo[39m: [90mGET /group-modem/playlist[39m [33m404[39m [90m0ms[39m {"meta":{}}
[32minfo[39m: [90mGET /user-management/users[39m [33m404[39m [90m0ms[39m {"meta":{}}
[32minfo[39m: [90mGET /user-management/users[39m [33m404[39m [90m1ms[39m {"meta":{}}
[32minfo[39m: [90mGET /group-modem/playlist[39m [33m404[39m [90m0ms[39m {"meta":{}}
[32minfo[39m: [90mPOST /api/auth/login[39m [32m200[39m [90m17ms[39m {"meta":{}}
[32minfo[39m: [90mGET /group-modem/playlist[39m [33m404[39m [90m1ms[39m {"meta":{}}
[32minfo[39m: [90mGET /vpn/vpnServer[39m [33m404[39m [90m1ms[39m {"meta":{}}
[32minfo[39m: [90mGET /group-modem/playlist[39m [33m404[39m [90m1ms[39m {"meta":{}}
[32minfo[39m: [90mGET /user-management/users[39m [33m404[39m [90m0ms[39m {"meta":{}}
[32minfo[39m: [90mGET /group-modem/playlist[39m [33m404[39m [90m1ms[39m {"meta":{}}
[32minfo[39m: [90mPOST /modem/group-modem/playlist[39m [33m404[39m [90m1ms[39m {"meta":{}}
[32minfo[39m: [90mGET /modem/user/playlist[39m [33m404[39m [90m0ms[39m {"meta":{}}
[32minfo[39m: [90mGET /group-modem/playlist[39m [33m404[39m [90m0ms[39m {"meta":{}}
[32minfo[39m: [90mGET /user-management/users[39m [33m404[39m [90m0ms[39m {"meta":{}}
[32minfo[39m: [90mGET /group-modem/playlist[39m [33m404[39m [90m0ms[39m {"meta":{}}
[32minfo[39m: [90mGET /vpn/vpnServer[39m [33m404[39m [90m1ms[39m {"meta":{}}
[32minfo[39m: [90mGET /vpn/vpnServer[39m [33m404[39m [90m0ms[39m {"meta":{}}
[32minfo[39m: [90mGET /group-modem/playlist[39m [33m404[39m [90m1ms[39m {"meta":{}}
[32minfo[39m: [90mGET /group-modem/playlist[39m [33m404[39m [90m1ms[39m {"meta":{}}
[32minfo[39m: [90mPOST /modem/group-modem/playlist[39m [33m404[39m [90m0ms[39m {"meta":{}}
[32minfo[39m: [90mGET /user-management/users[39m [33m404[39m [90m0ms[39m {"meta":{}}
[32minfo[39m: [90mGET /group-modem/playlist[39m [33m404[39m [90m1ms[39m {"meta":{}}
[32minfo[39m: [90mGET /user-management/users[39m [33m404[39m [90m1ms[39m {"meta":{}}
[32minfo[39m: [90mGET /group-modem/playlist[39m [33m404[39m [90m1ms[39m {"meta":{}}
[32minfo[39m: [90mGET /user-management/users[39m [33m404[39m [90m1ms[39m {"meta":{}}
[32minfo[39m: [90mGET /group-modem/playlist[39m [33m404[39m [90m1ms[39m {"meta":{}}
[32minfo[39m: [90mGET /user-management/users[39m [33m404[39m [90m0ms[39m {"meta":{}}
[32minfo[39m: [90mGET /group-modem/playlist[39m [33m404[39m [90m0ms[39m {"meta":{}}
[32minfo[39m: [90mGET /user-management/users[39m [33m404[39m [90m2ms[39m {"meta":{}}
[32minfo[39m: [90mGET /group-modem/playlist[39m [33m404[39m [90m0ms[39m {"meta":{}}
[32minfo[39m: [90mGET /user-management/users[39m [33m404[39m [90m0ms[39m {"meta":{}}
[32minfo[39m: [90mGET /group-modem/playlist[39m [33m404[39m [90m1ms[39m {"meta":{}}
[32minfo[39m: [90mGET /group-modem/playlist[39m [33m404[39m [90m1ms[39m {"meta":{}}
[32minfo[39m: [90mGET /vpn/vpnServer[39m [33m404[39m [90m0ms[39m {"meta":{}}
[32minfo[39m: [90mGET /group-modem/playlist[39m [33m404[39m [90m0ms[39m {"meta":{}}
[32minfo[39m: [90mGET /user-management/users[39m [33m404[39m [90m1ms[39m {"meta":{}}
[32minfo[39m: [90mGET /group-modem/playlist[39m [33m404[39m [90m0ms[39m {"meta":{}}
[32minfo[39m: [90mPOST /modem/group-modem/playlist[39m [33m404[39m [90m1ms[39m {"meta":{}}
[32minfo[39m: [90mGET /modem/user/playlist[39m [33m404[39m [90m0ms[39m {"meta":{}}
[32minfo[39m: [90mPOST /api/auth/login[39m [32m200[39m [90m23ms[39m {"meta":{}}
[32minfo[39m: [90mGET /api/user[39m [32m200[39m [90m204ms[39m {"meta":{}}
[32minfo[39m: [90mPOST /api/auth/tokenRefresh[39m [32m200[39m [90m100ms[39m {"meta":{}}
[32minfo[39m: [90mGET /group-modem/playlist[39m [33m404[39m [90m1ms[39m {"meta":{}}
[32minfo[39m: [90mGET /vpn/vpnServer[39m [33m404[39m [90m0ms[39m {"meta":{}}
[32minfo[39m: [90mPOST /api/auth/login[39m [32m200[39m [90m104ms[39m {"meta":{}}
[32minfo[39m: [90mPOST /api/auth/login[39m [32m200[39m [90m8ms[39m {"meta":{}}
[32minfo[39m: [90mPOST /api/auth/login[39m [32m200[39m [90m8ms[39m {"meta":{}}
[32minfo[39m: [90mPOST /api/auth/login[39m [32m200[39m [90m8ms[39m {"meta":{}}
[32minfo[39m: [90mPOST /api/auth/login[39m [32m200[39m [90m11ms[39m {"meta":{}}
[32minfo[39m: [90mPOST /api/auth/login[39m [32m200[39m [90m8ms[39m {"meta":{}}
[32minfo[39m: [90mPOST /api/auth/login[39m [32m200[39m [90m10ms[39m {"meta":{}}
[32minfo[39m: [90mPOST /api/auth/login[39m [32m200[39m [90m8ms[39m {"meta":{}}
[32minfo[39m: [90mPOST /api/auth/login[39m [32m200[39m [90m7ms[39m {"meta":{}}
[32minfo[39m: [90mPOST /api/auth/login[39m [32m200[39m [90m7ms[39m {"meta":{}}
[32minfo[39m: [90mPOST /api/auth/login[39m [32m200[39m [90m100ms[39m {"meta":{}}
[32minfo[39m: [90mGET /group-modem/playlist[39m [33m404[39m [90m0ms[39m {"meta":{}}
[32minfo[39m: [90mGET /vpn/vpnServer[39m [33m404[39m [90m1ms[39m {"meta":{}}
[32minfo[39m: [90mGET /group-modem/playlist[39m [33m404[39m [90m0ms[39m {"meta":{}}
[32minfo[39m: [90mGET /vpn/vpnServer[39m [33m404[39m [90m1ms[39m {"meta":{}}
[32minfo[39m: [90mGET /group-modem/playlist[39m [33m404[39m [90m1ms[39m {"meta":{}}
[32minfo[39m: [90mGET /vpn/vpnServer[39m [33m404[39m [90m0ms[39m {"meta":{}}
[32minfo[39m: [90mGET /group-modem/playlist[39m [33m404[39m [90m0ms[39m {"meta":{}}
[32minfo[39m: [90mGET /user-management/users[39m [33m404[39m [90m0ms[39m {"meta":{}}
[32minfo[39m: [90mGET /user-management/users[39m [33m404[39m [90m1ms[39m {"meta":{}}
[32minfo[39m: [90mGET /group-modem/playlist[39m [33m404[39m [90m0ms[39m {"meta":{}}
[32minfo[39m: [90mGET /group-modem/playlist[39m [33m404[39m [90m0ms[39m {"meta":{}}
[32minfo[39m: [90mGET /vpn/vpnServer[39m [33m404[39m [90m0ms[39m {"meta":{}}
[32minfo[39m: [90mPOST /api/auth/login[39m [32m200[39m [90m8ms[39m {"meta":{}}
[32minfo[39m: [90mGET /group-modem/playlist[39m [33m404[39m [90m0ms[39m {"meta":{}}
[32minfo[39m: [90mGET /vpn/vpnServer[39m [33m404[39m [90m1ms[39m {"meta":{}}
[32minfo[39m: [90mPOST /api/auth/login[39m [32m200[39m [90m9ms[39m {"meta":{}}
[32minfo[39m: [90mGET /group-modem/playlist[39m [33m404[39m [90m0ms[39m {"meta":{}}
[32minfo[39m: [90mGET /vpn/vpnServer[39m [33m404[39m [90m0ms[39m {"meta":{}}
[32minfo[39m: [90mGET /group-modem/playlist[39m [33m404[39m [90m1ms[39m {"meta":{}}
[32minfo[39m: [90mGET /vpn/vpnServer[39m [33m404[39m [90m0ms[39m {"meta":{}}
[32minfo[39m: [90mGET /group-modem/playlist[39m [33m404[39m [90m0ms[39m {"meta":{}}
[32minfo[39m: [90mGET /vpn/vpnServer[39m [33m404[39m [90m0ms[39m {"meta":{}}
[32minfo[39m: [90mGET /group-modem/playlist[39m [33m404[39m [90m1ms[39m {"meta":{}}
[32minfo[39m: [90mGET /vpn/vpnServer[39m [33m404[39m [90m0ms[39m {"meta":{}}
[32minfo[39m: [90mGET /user-management/logout[39m [33m404[39m [90m0ms[39m {"meta":{}}
[32minfo[39m: [90mGET /user-management/logout[39m [33m404[39m [90m1ms[39m {"meta":{}}
[32minfo[39m: [90mPOST /api/auth/login[39m [32m200[39m [90m10ms[39m {"meta":{}}
[32minfo[39m: [90mGET /group-modem/playlist[39m [33m404[39m [90m0ms[39m {"meta":{}}
[32minfo[39m: [90mGET /vpn/vpnServer[39m [33m404[39m [90m0ms[39m {"meta":{}}
[32minfo[39m: [90mGET /user-management/logout[39m [33m404[39m [90m1ms[39m {"meta":{}}
[32minfo[39m: [90mPOST /api/auth/login[39m [31m500[39m [90m3ms[39m {"meta":{}}
[32minfo[39m: [90mPOST /api/auth/login[39m [31m500[39m [90m2ms[39m {"meta":{}}
[32minfo[39m: [90mPOST /api/auth/signup[39m [31m500[39m [90m16ms[39m {"meta":{}}
[32minfo[39m: [90mPOST /api/auth/login[39m [32m200[39m [90m9ms[39m {"meta":{}}
[32minfo[39m: [90mPOST /api/auth/login[39m [31m500[39m [90m2ms[39m {"meta":{}}
[32minfo[39m: [90mPOST /api/auth/login[39m [31m500[39m [90m1ms[39m {"meta":{}}
[32minfo[39m: [90mPOST /api/auth/login[39m [31m500[39m [90m2ms[39m {"meta":{}}
[32minfo[39m: [90mPOST /api/auth/login[39m [31m500[39m [90m2ms[39m {"meta":{}}
[32minfo[39m: [90mPOST /api/auth/login[39m [31m500[39m [90m2ms[39m {"meta":{}}
[32minfo[39m: [90mPOST /api/auth/login[39m [32m200[39m [90m8ms[39m {"meta":{}}
[32minfo[39m: [90mPOST /api/auth/login[39m [32m200[39m [90m8ms[39m {"meta":{}}
[32minfo[39m: [90mGET /group-modem/playlist[39m [33m404[39m [90m0ms[39m {"meta":{}}
[32minfo[39m: [90mGET /vpn/vpnServer[39m [33m404[39m [90m0ms[39m {"meta":{}}
[32minfo[39m: [90mGET /user-management/logout[39m [33m404[39m [90m0ms[39m {"meta":{}}
[32minfo[39m: [90mGET /group-modem/playlist[39m [33m404[39m [90m1ms[39m {"meta":{}}
[32minfo[39m: [90mGET /user-management/users[39m [33m404[39m [90m0ms[39m {"meta":{}}
[32minfo[39m: [90mGET /user-management/users[39m [33m404[39m [90m0ms[39m {"meta":{}}
[32minfo[39m: [90mGET /group-modem/playlist[39m [33m404[39m [90m1ms[39m {"meta":{}}
[32minfo[39m: [90mPOST /api/auth/login[39m [32m200[39m [90m9ms[39m {"meta":{}}
[32minfo[39m: [90mGET /group-modem/playlist[39m [33m404[39m [90m0ms[39m {"meta":{}}
[32minfo[39m: [90mGET /vpn/vpnServer[39m [33m404[39m [90m0ms[39m {"meta":{}}
[32minfo[39m: [90mPOST /api/auth/login[39m [32m200[39m [90m8ms[39m {"meta":{}}
[32minfo[39m: [90mGET /group-modem/playlist[39m [33m404[39m [90m0ms[39m {"meta":{}}
[32minfo[39m: [90mGET /vpn/vpnServer[39m [33m404[39m [90m0ms[39m {"meta":{}}
[32minfo[39m: [90mGET /user-management/logout[39m [33m404[39m [90m1ms[39m {"meta":{}}
[32minfo[39m: [90mGET /group-modem/playlist[39m [33m404[39m [90m0ms[39m {"meta":{}}
[32minfo[39m: [90mGET /group-modem/playlist[39m [33m404[39m [90m1ms[39m {"meta":{}}
[32minfo[39m: [90mPOST /modem/group-modem/playlist[39m [33m404[39m [90m0ms[39m {"meta":{}}
[32minfo[39m: [90mGET /group-modem/playlist[39m [33m404[39m [90m0ms[39m {"meta":{}}
[32minfo[39m: [90mPOST /modem/group-modem/playlist[39m [33m404[39m [90m1ms[39m {"meta":{}}
[32minfo[39m: [90mGET /group-modem/playlist[39m [33m404[39m [90m1ms[39m {"meta":{}}
[32minfo[39m: [90mPOST /modem/group-modem/playlist[39m [33m404[39m [90m0ms[39m {"meta":{}}
[32minfo[39m: [90mGET /group-modem/playlist[39m [33m404[39m [90m0ms[39m {"meta":{}}
[32minfo[39m: [90mPOST /modem/group-modem/playlist[39m [33m404[39m [90m1ms[39m {"meta":{}}
[32minfo[39m: [90mGET /group-modem/playlist[39m [33m404[39m [90m0ms[39m {"meta":{}}
[32minfo[39m: [90mPOST /modem/group-modem/playlist[39m [33m404[39m [90m1ms[39m {"meta":{}}
[32minfo[39m: [90mGET /group-modem/playlist[39m [33m404[39m [90m0ms[39m {"meta":{}}
[32minfo[39m: [90mPOST /modem/group-modem/playlist[39m [33m404[39m [90m0ms[39m {"meta":{}}
[32minfo[39m: [90mPOST /api/auth/login[39m [31m500[39m [90m5ms[39m {"meta":{}}
[32minfo[39m: [90mPOST /api/auth/login[39m [32m200[39m [90m7ms[39m {"meta":{}}
[32minfo[39m: [90mGET /group-modem/playlist[39m [33m404[39m [90m0ms[39m {"meta":{}}
[32minfo[39m: [90mGET /vpn/vpnServer[39m [33m404[39m [90m1ms[39m {"meta":{}}
[32minfo[39m: [90mGET /user-management/logout[39m [33m404[39m [90m0ms[39m {"meta":{}}
[32minfo[39m: [90mGET /group-modem/playlist[39m [33m404[39m [90m1ms[39m {"meta":{}}
[32minfo[39m: [90mGET /user-management/users[39m [33m404[39m [90m0ms[39m {"meta":{}}
[32minfo[39m: [90mPOST /api/auth/login[39m [32m200[39m [90m8ms[39m {"meta":{}}
[32minfo[39m: [90mGET /group-modem/playlist[39m [33m404[39m [90m0ms[39m {"meta":{}}
[32minfo[39m: [90mGET /vpn/vpnServer[39m [33m404[39m [90m0ms[39m {"meta":{}}
[32minfo[39m: [90mGET /user-management/logout[39m [33m404[39m [90m1ms[39m {"meta":{}}
[32minfo[39m: [90mGET /group-modem/playlist[39m [33m404[39m [90m0ms[39m {"meta":{}}
[32minfo[39m: [90mPOST /api/auth/login[39m [31m500[39m [90m5ms[39m {"meta":{}}
[32minfo[39m: [90mPOST /api/auth/login[39m [31m500[39m [90m7ms[39m {"meta":{}}
[32minfo[39m: [90mPOST /api/auth/login[39m [32m200[39m [90m8ms[39m {"meta":{}}
[32minfo[39m: [90mGET /group-modem/playlist[39m [33m404[39m [90m0ms[39m {"meta":{}}
[32minfo[39m: [90mGET /vpn/vpnServer[39m [33m404[39m [90m0ms[39m {"meta":{}}
[32minfo[39m: [90mGET /group-modem/playlist[39m [33m404[39m [90m0ms[39m {"meta":{}}
[32minfo[39m: [90mGET /user-management/users[39m [33m404[39m [90m0ms[39m {"meta":{}}
[32minfo[39m: [90mGET /group-modem/playlist[39m [33m404[39m [90m0ms[39m {"meta":{}}
[32minfo[39m: [90mPOST /modem/group-modem/playlist[39m [33m404[39m [90m1ms[39m {"meta":{}}
[32minfo[39m: [90mGET /modem/user/playlist[39m [33m404[39m [90m1ms[39m {"meta":{}}
[32minfo[39m: [90mGET /modem/user/playlist[39m [33m404[39m [90m0ms[39m {"meta":{}}
[32minfo[39m: [90mGET /group-modem/playlist[39m [33m404[39m [90m0ms[39m {"meta":{}}
[32minfo[39m: [90mPOST /modem/group-modem/playlist[39m [33m404[39m [90m0ms[39m {"meta":{}}
[32minfo[39m: [90mGET /group-modem/playlist[39m [33m404[39m [90m0ms[39m {"meta":{}}
[32minfo[39m: [90mGET /user-management/users[39m [33m404[39m [90m0ms[39m {"meta":{}}
[32minfo[39m: [90mGET /group-modem/playlist[39m [33m404[39m [90m0ms[39m {"meta":{}}
[32minfo[39m: [90mGET /vpn/vpnServer[39m [33m404[39m [90m1ms[39m {"meta":{}}
[32minfo[39m: [90mGET /user-management/users[39m [33m404[39m [90m1ms[39m {"meta":{}}
[32minfo[39m: [90mGET /group-modem/playlist[39m [33m404[39m [90m0ms[39m {"meta":{}}
[32minfo[39m: [90mGET /group-modem/playlist[39m [33m404[39m [90m5ms[39m {"meta":{}}
[32minfo[39m: [90mGET /vpn/vpnServer[39m [33m404[39m [90m1ms[39m {"meta":{}}
[32minfo[39m: [90mGET /group-modem/playlist[39m [33m404[39m [90m1ms[39m {"meta":{}}
[32minfo[39m: [90mGET /vpn/vpnServer[39m [33m404[39m [90m1ms[39m {"meta":{}}
[32minfo[39m: [90mGET /group-modem/playlist[39m [33m404[39m [90m1ms[39m {"meta":{}}
[32minfo[39m: [90mGET /vpn/vpnServer[39m [33m404[39m [90m0ms[39m {"meta":{}}
[32minfo[39m: [90mGET /group-modem/playlist[39m [33m404[39m [90m1ms[39m {"meta":{}}
[32minfo[39m: [90mGET /vpn/vpnServer[39m [33m404[39m [90m1ms[39m {"meta":{}}
[32minfo[39m: [90mGET /group-modem/playlist[39m [33m404[39m [90m0ms[39m {"meta":{}}
[32minfo[39m: [90mGET /vpn/vpnServer[39m [33m404[39m [90m1ms[39m {"meta":{}}
[32minfo[39m: [90mGET /group-modem/playlist[39m [33m404[39m [90m0ms[39m {"meta":{}}
[32minfo[39m: [90mGET /vpn/vpnServer[39m [33m404[39m [90m1ms[39m {"meta":{}}
[32minfo[39m: [90mGET /group-modem/playlist[39m [33m404[39m [90m1ms[39m {"meta":{}}
[32minfo[39m: [90mGET /vpn/vpnServer[39m [33m404[39m [90m1ms[39m {"meta":{}}
[32minfo[39m: [90mPOST /api/auth/login[39m [31m500[39m [90m500ms[39m {"meta":{}}
[32minfo[39m: [90mPOST /api/auth/login[39m [32m200[39m [90m140ms[39m {"meta":{}}
[32minfo[39m: [90mGET /group-modem/playlist[39m [33m404[39m [90m1ms[39m {"meta":{}}
[32minfo[39m: [90mGET /vpn/vpnServer[39m [33m404[39m [90m1ms[39m {"meta":{}}
[32minfo[39m: [90mGET /user-management/logout[39m [33m404[39m [90m1ms[39m {"meta":{}}
[32minfo[39m: [90mPOST /api/auth/login[39m [32m200[39m [90m10ms[39m {"meta":{}}
[32minfo[39m: [90mGET /group-modem/playlist[39m [33m404[39m [90m0ms[39m {"meta":{}}
[32minfo[39m: [90mGET /vpn/vpnServer[39m [33m404[39m [90m1ms[39m {"meta":{}}
[32minfo[39m: [90mGET /user-management/logout[39m [33m404[39m [90m1ms[39m {"meta":{}}
[32minfo[39m: [90mGET /group-modem/playlist[39m [33m404[39m [90m0ms[39m {"meta":{}}
[32minfo[39m: [90mPOST /api/auth/login[39m [32m200[39m [90m8ms[39m {"meta":{}}
[32minfo[39m: [90mGET /group-modem/playlist[39m [33m404[39m [90m0ms[39m {"meta":{}}
[32minfo[39m: [90mPOST /modem/group-modem/playlist[39m [33m404[39m [90m1ms[39m {"meta":{}}
[32minfo[39m: [90mGET /user-management/logout[39m [33m404[39m [90m0ms[39m {"meta":{}}
[32minfo[39m: [90mPOST /api/auth/login[39m [32m200[39m [90m9ms[39m {"meta":{}}
[32minfo[39m: [90mGET /group-modem/playlist[39m [33m404[39m [90m1ms[39m {"meta":{}}
[32minfo[39m: [90mGET /vpn/vpnServer[39m [33m404[39m [90m1ms[39m {"meta":{}}
[32minfo[39m: [90mGET /user-management/logout[39m [33m404[39m [90m0ms[39m {"meta":{}}
[32minfo[39m: [90mPOST /api/auth/login[39m [32m200[39m [90m8ms[39m {"meta":{}}
[32minfo[39m: [90mGET /group-modem/playlist[39m [33m404[39m [90m1ms[39m {"meta":{}}
[32minfo[39m: [90mGET /vpn/vpnServer[39m [33m404[39m [90m0ms[39m {"meta":{}}
[32minfo[39m: [90mGET /user-management/logout[39m [33m404[39m [90m0ms[39m {"meta":{}}
[32minfo[39m: [90mGET /modem/user/playlist[39m [33m404[39m [90m0ms[39m {"meta":{}}
[32minfo[39m: [90mPOST /api/auth/login[39m [32m200[39m [90m9ms[39m {"meta":{}}
[32minfo[39m: [90mGET /group-modem/playlist[39m [33m404[39m [90m1ms[39m {"meta":{}}
[32minfo[39m: [90mGET /vpn/vpnServer[39m [33m404[39m [90m0ms[39m {"meta":{}}
[32minfo[39m: [90mGET /user-management/logout[39m [33m404[39m [90m1ms[39m {"meta":{}}
[32minfo[39m: [90mGET /group-modem/playlist[39m [33m404[39m [90m0ms[39m {"meta":{}}
[32minfo[39m: [90mGET /user-management/users[39m [33m404[39m [90m1ms[39m {"meta":{}}
[32minfo[39m: [90mPOST /api/auth/login[39m [32m200[39m [90m8ms[39m {"meta":{}}
[32minfo[39m: [90mGET /group-modem/playlist[39m [33m404[39m [90m0ms[39m {"meta":{}}
[32minfo[39m: [90mGET /vpn/vpnServer[39m [33m404[39m [90m0ms[39m {"meta":{}}
[32minfo[39m: [90mGET /user-management/logout[39m [33m404[39m [90m1ms[39m {"meta":{}}
[32minfo[39m: [90mPOST /api/auth/login[39m [32m200[39m [90m9ms[39m {"meta":{}}
[32minfo[39m: [90mGET /group-modem/playlist[39m [33m404[39m [90m0ms[39m {"meta":{}}
[32minfo[39m: [90mGET /vpn/vpnServer[39m [33m404[39m [90m0ms[39m {"meta":{}}
[32minfo[39m: [90mGET /modem/user/playlist[39m [33m404[39m [90m0ms[39m {"meta":{}}
[32minfo[39m: [90mGET /user-management/logout[39m [33m404[39m [90m1ms[39m {"meta":{}}
[32minfo[39m: [90mGET /group-modem/playlist[39m [33m404[39m [90m0ms[39m {"meta":{}}
[32minfo[39m: [90mPOST /api/auth/login[39m [32m200[39m [90m9ms[39m {"meta":{}}
[32minfo[39m: [90mGET /group-modem/playlist[39m [33m404[39m [90m1ms[39m {"meta":{}}
[32minfo[39m: [90mPOST /modem/group-modem/playlist[39m [33m404[39m [90m0ms[39m {"meta":{}}
[32minfo[39m: [90mGET /user-management/logout[39m [33m404[39m [90m0ms[39m {"meta":{}}
[32minfo[39m: [90mGET /modem/user/playlist[39m [33m404[39m [90m0ms[39m {"meta":{}}
[32minfo[39m: [90mPOST /api/auth/login[39m [32m200[39m [90m8ms[39m {"meta":{}}
[32minfo[39m: [90mGET /group-modem/playlist[39m [33m404[39m [90m1ms[39m {"meta":{}}
[32minfo[39m: [90mGET /vpn/vpnServer[39m [33m404[39m [90m1ms[39m {"meta":{}}
[32minfo[39m: [90mGET /group-modem/playlist[39m [33m404[39m [90m1ms[39m {"meta":{}}
[32minfo[39m: [90mGET /vpn/vpnServer[39m [33m404[39m [90m1ms[39m {"meta":{}}
[32minfo[39m: [90mGET /user-management/logout[39m [33m404[39m [90m0ms[39m {"meta":{}}
[32minfo[39m: [90mPOST /api/auth/login[39m [32m200[39m [90m9ms[39m {"meta":{}}
[32minfo[39m: [90mGET /group-modem/playlist[39m [33m404[39m [90m0ms[39m {"meta":{}}
[32minfo[39m: [90mGET /vpn/vpnServer[39m [33m404[39m [90m1ms[39m {"meta":{}}
[32minfo[39m: [90mGET /group-modem/playlist[39m [33m404[39m [90m1ms[39m {"meta":{}}
[32minfo[39m: [90mGET /user-management/users[39m [33m404[39m [90m0ms[39m {"meta":{}}
[32minfo[39m: [90mGET /group-modem/playlist[39m [33m404[39m [90m0ms[39m {"meta":{}}
[32minfo[39m: [90mPOST /modem/group-modem/playlist[39m [33m404[39m [90m1ms[39m {"meta":{}}
[32minfo[39m: [90mGET /modem/user/playlist[39m [33m404[39m [90m0ms[39m {"meta":{}}
[32minfo[39m: [90mGET /modem/user/playlist[39m [33m404[39m [90m1ms[39m {"meta":{}}
[32minfo[39m: [90mGET /group-modem/playlist[39m [33m404[39m [90m0ms[39m {"meta":{}}
[32minfo[39m: [90mPOST /modem/group-modem/playlist[39m [33m404[39m [90m1ms[39m {"meta":{}}
[32minfo[39m: [90mGET /user-management/users[39m [33m404[39m [90m0ms[39m {"meta":{}}
[32minfo[39m: [90mGET /group-modem/playlist[39m [33m404[39m [90m1ms[39m {"meta":{}}
[32minfo[39m: [90mGET /group-modem/playlist[39m [33m404[39m [90m0ms[39m {"meta":{}}
[32minfo[39m: [90mGET /vpn/vpnServer[39m [33m404[39m [90m1ms[39m {"meta":{}}
[32minfo[39m: [90mPOST /api/auth/login[39m [32m200[39m [90m486ms[39m {"meta":{}}
[32minfo[39m: [90mPOST /api/auth/signup[39m [31m500[39m [90m25ms[39m {"meta":{}}
[32minfo[39m: [90mPOST /api/auth/signup[39m [31m500[39m [90m6ms[39m {"meta":{}}
[32minfo[39m: [90mPOST /api/auth/signup[39m [31m500[39m [90m6ms[39m {"meta":{}}
[32minfo[39m: [90mPOST /api/auth/signup[39m [31m500[39m [90m7ms[39m {"meta":{}}
[32minfo[39m: [90mPOST /api/auth/signup[39m [31m500[39m [90m11ms[39m {"meta":{}}
[32minfo[39m: [90mPOST /api/auth/signup[39m [31m500[39m [90m5ms[39m {"meta":{}}
[32minfo[39m: [90mPOST /api/auth/login[39m [32m200[39m [90m11ms[39m {"meta":{}}
[32minfo[39m: [90mPOST /api/auth/signup[39m [31m500[39m [90m72ms[39m {"meta":{}}
[32minfo[39m: [90mPOST /api/auth/signup[39m [32m200[39m [90m51ms[39m {"meta":{}}
[32minfo[39m: [90mPOST /api/auth/signup[39m [32m200[39m [90m9ms[39m {"meta":{}}
[32minfo[39m: [90mPOST /api/auth/signup[39m [32m200[39m [90m6ms[39m {"meta":{}}
[32minfo[39m: [90mPOST /api/auth/login[39m [32m200[39m [90m43ms[39m {"meta":{}}
[32minfo[39m: [90mPOST /api/auth/signup[39m [33m404[39m [90m42ms[39m {"meta":{}}
[32minfo[39m: [90mPOST /api/auth/signup[39m [32m200[39m [90m40ms[39m {"meta":{}}
[32minfo[39m: [90mPOST /api/auth/signup[39m [33m404[39m [90m6ms[39m {"meta":{}}
[32minfo[39m: [90mPOST /api/auth/signup[39m [31m500[39m [90m3ms[39m {"meta":{}}
